<?xml version="1.0" encoding="UTF-8"?>
<!-- Generated by org.testng.reporters.JUnitXMLReporter -->
<testsuite ignored="1" hostname="DESKTOP-7FSBEG4" failures="0" tests="1" name="Test(failed)(failed)" time="0.044" errors="0" timestamp="2022-05-19T16:00:57 IST">
  <testcase classname="Pack_01.RunFailedTc" name="FailedTC" time="0.009"/>
  <testcase classname="Pack_01.RunFailedTc" name="Titlecheck" time="0.0">
    <ignored/>
  </testcase> <!-- Titlecheck -->
</testsuite> <!-- Test(failed)(failed) -->
