<?xml version="1.0" encoding="UTF-8"?>
<!-- Generated by org.testng.reporters.JUnitXMLReporter -->
<testsuite ignored="2" hostname="DESKTOP-7FSBEG4" failures="0" tests="1" name="Test" time="0.099" errors="0" timestamp="2022-06-08T22:43:07 IST">
  <testcase classname="Pack_01.groups" name="Test4" time="0.011"/>
  <testcase classname="Pack_01.groups" name="Test1" time="0.0">
    <ignored/>
  </testcase> <!-- Test1 -->
  <testcase classname="Pack_01.groups" name="Test3" time="0.0">
    <ignored/>
  </testcase> <!-- Test3 -->
</testsuite> <!-- Test -->
