<?xml version="1.0" encoding="UTF-8"?>
<testng-results ignored="0" total="1" passed="1" failed="0" skipped="0">
  <reporter-output>
  </reporter-output>
  <suite started-at="2022-07-09T20:59:34 IST" name="Suite" finished-at="2022-07-09T20:59:51 IST" duration-ms="17573">
    <groups>
    </groups>
    <test started-at="2022-07-09T20:59:34 IST" name="Test" finished-at="2022-07-09T20:59:51 IST" duration-ms="17573">
      <class name="testcase.TestCaseLogin">
        <test-method is-config="true" signature="setup()[pri:0, instance:testcase.TestCaseLogin@52b1beb6]" started-at="2022-07-09T20:59:34 IST" name="setup" finished-at="2022-07-09T20:59:46 IST" duration-ms="12096" status="PASS">
          <reporter-output>
          </reporter-output>
        </test-method> <!-- setup -->
        <test-method signature="login()[pri:0, instance:testcase.TestCaseLogin@52b1beb6]" started-at="2022-07-09T20:59:46 IST" name="login" finished-at="2022-07-09T20:59:50 IST" duration-ms="3848" status="PASS">
          <reporter-output>
          </reporter-output>
        </test-method> <!-- login -->
        <test-method is-config="true" signature="teardown()[pri:0, instance:testcase.TestCaseLogin@52b1beb6]" started-at="2022-07-09T20:59:50 IST" name="teardown" finished-at="2022-07-09T20:59:51 IST" duration-ms="1555" status="PASS">
          <reporter-output>
          </reporter-output>
        </test-method> <!-- teardown -->
      </class> <!-- testcase.TestCaseLogin -->
    </test> <!-- Test -->
  </suite> <!-- Suite -->
</testng-results>
