<?xml version="1.0" encoding="UTF-8"?>
<!-- Generated by org.testng.reporters.JUnitReportReporter -->
<testsuite hostname="DESKTOP-7FSBEG4" failures="0" tests="3" name="Pack_01.DataProviders" time="0.007" errors="0" timestamp="2022-05-20T14:27:07 IST" skipped="0">
  <testcase classname="Pack_01.DataProviders" name="f" time="0.001"/>
  <system-out/>
  <testcase classname="Pack_01.DataProviders" name="f" time="0.001"/>
  <system-out/>
  <testcase classname="Pack_01.DataProviders" name="f" time="0.005"/>
  <system-out/>
</testsuite> <!-- Pack_01.DataProviders -->
